<?xml version="1.0" encoding="UTF-8"?>
<!-- Generated by org.testng.reporters.JUnitXMLReporter -->
<testsuite hostname="CodeCrafts-MacBook-Pro-2.local" name="Regression suite 1" tests="7" failures="0" timestamp="27 Jul 2017 08:28:30 GMT" time="125.527" errors="0">
  <testcase name="ableToContinueToAddAccountScreenWithoutCheckingAnyCheckboxes" time="2.535" classname="com.pers_aip.Sales_Flow.SalesHomeTest"/>
  <testcase name="clickingSkipToLeadButtonShouldDisplayAllLeadScreen" time="2.354" classname="com.pers_aip.Sales_Flow.SalesHomeTest"/>
  <testcase name="disableContinueButtonForIncorrectAccountIdFormat" time="1.389" classname="com.pers_aip.Sales_Flow.SalesHomeTest"/>
  <testcase name="validateInvalidZipcode" time="1.421" classname="com.pers_aip.Sales_Flow.SalesHomeTest"/>
  <testcase name="validateValidZipcode" time="1.609" classname="com.pers_aip.Sales_Flow.SalesHomeTest"/>
  <testcase name="verifyButtonIsDisabledWhenContinueButtonIsBlank" time="0.044" classname="com.pers_aip.Sales_Flow.SalesHomeTest"/>
  <testcase name="verifyButtonIsDisabledWhenZipcodeIsLessThan5Digits" time="0.125" classname="com.pers_aip.Sales_Flow.SalesHomeTest"/>
</testsuite> <!-- Regression suite 1 -->
