<?xml version="1.0" encoding="UTF-8"?>
<testng-results skipped="0" failed="0" total="1" passed="1">
  <reporter-output>
  </reporter-output>
  <suite name="Regression suite" duration-ms="11362" started-at="2018-03-20T05:16:37Z" finished-at="2018-03-20T05:16:48Z">
    <groups>
    </groups>
    <test name="[AIP]Salesforce Login" duration-ms="11362" started-at="2018-03-20T05:16:37Z" finished-at="2018-03-20T05:16:48Z">
      <class name="com.koinex_test.Login.LoginTest">
        <test-method status="PASS" signature="setup()[pri:0, instance:com.koinex_test.Login.LoginTest@3c0ecd4b]" name="setup" is-config="true" duration-ms="9755" started-at="2018-03-20T10:46:37Z" finished-at="2018-03-20T10:46:47Z">
          <reporter-output>
          </reporter-output>
        </test-method> <!-- setup -->
        <test-method status="PASS" signature="login()[pri:0, instance:com.koinex_test.Login.LoginTest@3c0ecd4b]" name="login" duration-ms="395" started-at="2018-03-20T10:46:47Z" finished-at="2018-03-20T10:46:47Z">
          <reporter-output>
          </reporter-output>
        </test-method> <!-- login -->
        <test-method status="PASS" signature="teardownAndTakeScreenShot(org.testng.ITestResult)[pri:0, instance:com.koinex_test.Login.LoginTest@3c0ecd4b]" name="teardownAndTakeScreenShot" is-config="true" duration-ms="1158" started-at="2018-03-20T10:46:47Z" finished-at="2018-03-20T10:46:48Z">
          <params>
            <param index="0">
              <value>
                <![CDATA[[TestResult name=login status=SUCCESS method=LoginTest.login()[pri:0, instance:com.koinex_test.Login.LoginTest@3c0ecd4b] output={null}]]]>
              </value>
            </param>
          </params>
          <reporter-output>
          </reporter-output>
        </test-method> <!-- teardownAndTakeScreenShot -->
      </class> <!-- com.koinex_test.Login.LoginTest -->
    </test> <!-- [AIP]Salesforce Login -->
  </suite> <!-- Regression suite -->
</testng-results>
